::1 - - [29/Oct/2018:14:05:59 +0700] "GET / HTTP/1.1" 200 3477 "-" "Mozilla/5.0 (X11; Linux x86_64) AppleWebKit/537.36 (KHTML, like Gecko) Chrome/70.0.3538.77 Safari/537.36"
::1 - - [29/Oct/2018:14:05:59 +0700] "GET /icons/ubuntu-logo.png HTTP/1.1" 200 3623 "http://localhost/" "Mozilla/5.0 (X11; Linux x86_64) AppleWebKit/537.36 (KHTML, like Gecko) Chrome/70.0.3538.77 Safari/537.36"
::1 - - [29/Oct/2018:14:05:59 +0700] "GET /favicon.ico HTTP/1.1" 404 500 "http://localhost/" "Mozilla/5.0 (X11; Linux x86_64) AppleWebKit/537.36 (KHTML, like Gecko) Chrome/70.0.3538.77 Safari/537.36"
::1 - - [29/Oct/2018:14:06:50 +0700] "-" 408 0 "-" "-"
::1 - - [29/Oct/2018:14:17:39 +0700] "GET /phpmyadmin HTTP/1.1" 404 500 "-" "Mozilla/5.0 (X11; Linux x86_64) AppleWebKit/537.36 (KHTML, like Gecko) Chrome/70.0.3538.77 Safari/537.36"
::1 - - [29/Oct/2018:14:18:30 +0700] "-" 408 0 "-" "-"
::1 - - [29/Oct/2018:14:25:29 +0700] "GET /phpmyadmin HTTP/1.1" 404 500 "-" "Mozilla/5.0 (X11; Linux x86_64) AppleWebKit/537.36 (KHTML, like Gecko) Chrome/70.0.3538.77 Safari/537.36"
::1 - - [29/Oct/2018:14:26:21 +0700] "-" 408 0 "-" "-"
127.0.0.1 - - [29/Oct/2018:14:34:00 +0700] "GET / HTTP/1.1" 200 11173 "-" "curl/7.58.0"
::1 - - [29/Oct/2018:14:39:07 +0700] "GET / HTTP/1.1" 200 3477 "-" "Mozilla/5.0 (X11; Linux x86_64) AppleWebKit/537.36 (KHTML, like Gecko) Chrome/70.0.3538.77 Safari/537.36"
::1 - - [29/Oct/2018:14:40:08 +0700] "GET /nhap.php HTTP/1.1" 200 862 "-" "Mozilla/5.0 (X11; Linux x86_64) AppleWebKit/537.36 (KHTML, like Gecko) Chrome/70.0.3538.77 Safari/537.36"
::1 - - [29/Oct/2018:14:40:08 +0700] "GET /images/img1.jpg HTTP/1.1" 404 504 "http://localhost/nhap.php" "Mozilla/5.0 (X11; Linux x86_64) AppleWebKit/537.36 (KHTML, like Gecko) Chrome/70.0.3538.77 Safari/537.36"
::1 - - [29/Oct/2018:14:40:08 +0700] "GET /images/img2.jpg HTTP/1.1" 404 505 "http://localhost/nhap.php" "Mozilla/5.0 (X11; Linux x86_64) AppleWebKit/537.36 (KHTML, like Gecko) Chrome/70.0.3538.77 Safari/537.36"
::1 - - [29/Oct/2018:14:40:08 +0700] "GET /images/img3.jpg HTTP/1.1" 404 504 "http://localhost/nhap.php" "Mozilla/5.0 (X11; Linux x86_64) AppleWebKit/537.36 (KHTML, like Gecko) Chrome/70.0.3538.77 Safari/537.36"
::1 - - [29/Oct/2018:14:40:08 +0700] "GET /images/img4.jpg HTTP/1.1" 404 505 "http://localhost/nhap.php" "Mozilla/5.0 (X11; Linux x86_64) AppleWebKit/537.36 (KHTML, like Gecko) Chrome/70.0.3538.77 Safari/537.36"
::1 - - [29/Oct/2018:14:40:08 +0700] "GET /images/img5.jpg HTTP/1.1" 404 505 "http://localhost/nhap.php" "Mozilla/5.0 (X11; Linux x86_64) AppleWebKit/537.36 (KHTML, like Gecko) Chrome/70.0.3538.77 Safari/537.36"
::1 - - [29/Oct/2018:14:40:30 +0700] "GET /Chuc%20nang%20dang%20nhap HTTP/1.1" 301 606 "-" "Mozilla/5.0 (X11; Linux x86_64) AppleWebKit/537.36 (KHTML, like Gecko) Chrome/70.0.3538.77 Safari/537.36"
::1 - - [29/Oct/2018:14:40:30 +0700] "GET /Chuc%20nang%20dang%20nhap/ HTTP/1.1" 200 745 "-" "Mozilla/5.0 (X11; Linux x86_64) AppleWebKit/537.36 (KHTML, like Gecko) Chrome/70.0.3538.77 Safari/537.36"
::1 - - [29/Oct/2018:14:40:30 +0700] "GET /icons/blank.gif HTTP/1.1" 200 431 "http://localhost/Chuc%20nang%20dang%20nhap/" "Mozilla/5.0 (X11; Linux x86_64) AppleWebKit/537.36 (KHTML, like Gecko) Chrome/70.0.3538.77 Safari/537.36"
::1 - - [29/Oct/2018:14:40:30 +0700] "GET /icons/unknown.gif HTTP/1.1" 200 529 "http://localhost/Chuc%20nang%20dang%20nhap/" "Mozilla/5.0 (X11; Linux x86_64) AppleWebKit/537.36 (KHTML, like Gecko) Chrome/70.0.3538.77 Safari/537.36"
::1 - - [29/Oct/2018:14:40:30 +0700] "GET /icons/back.gif HTTP/1.1" 200 500 "http://localhost/Chuc%20nang%20dang%20nhap/" "Mozilla/5.0 (X11; Linux x86_64) AppleWebKit/537.36 (KHTML, like Gecko) Chrome/70.0.3538.77 Safari/537.36"
::1 - - [29/Oct/2018:14:40:39 +0700] "GET /Chuc%20nang%20dang%20nhap/Chuc-nang-dang-nhap_GET.php HTTP/1.1" 200 591 "http://localhost/Chuc%20nang%20dang%20nhap/" "Mozilla/5.0 (X11; Linux x86_64) AppleWebKit/537.36 (KHTML, like Gecko) Chrome/70.0.3538.77 Safari/537.36"
